<?xml version="1.0" encoding="UTF-8" ?>
<testsuite failures="0" time="0.023" errors="0" skipped="0" tests="2" name="dev.log.trace.test.TestComponentVector">
  <properties>
    <property name="java.runtime.name" value="Java(TM) SE Runtime Environment"/>
    <property name="sun.boot.library.path" value="C:\Program Files (x86)\Java\jdk1.7.0\jre\bin"/>
    <property name="java.vm.version" value="21.0-b17"/>
    <property name="java.vm.vendor" value="Oracle Corporation"/>
    <property name="java.vendor.url" value="http://java.oracle.com/"/>
    <property name="path.separator" value=";"/>
    <property name="java.vm.name" value="Java HotSpot(TM) Client VM"/>
    <property name="file.encoding.pkg" value="sun.io"/>
    <property name="user.script" value=""/>
    <property name="user.country" value="NL"/>
    <property name="sun.java.launcher" value="SUN_STANDARD"/>
    <property name="sun.os.patch.level" value="Service Pack 1"/>
    <property name="java.vm.specification.name" value="Java Virtual Machine Specification"/>
    <property name="user.dir" value="C:\eclipse_workspaces\calculator\Pipelines"/>
    <property name="java.runtime.version" value="1.7.0-b147"/>
    <property name="java.awt.graphicsenv" value="sun.awt.Win32GraphicsEnvironment"/>
    <property name="basedir" value="C:\eclipse_workspaces\calculator\Pipelines"/>
    <property name="java.endorsed.dirs" value="C:\Program Files (x86)\Java\jdk1.7.0\jre\lib\endorsed"/>
    <property name="os.arch" value="x86"/>
    <property name="surefire.real.class.path" value="C:\eclipse_workspaces\calculator\Pipelines\target\surefire\surefirebooter1996571718865382927.jar"/>
    <property name="java.io.tmpdir" value="C:\Users\Joel\AppData\Local\Temp\"/>
    <property name="line.separator" value="
"/>
    <property name="java.vm.specification.vendor" value="Oracle Corporation"/>
    <property name="user.variant" value=""/>
    <property name="os.name" value="Windows 7"/>
    <property name="sun.jnu.encoding" value="Cp1252"/>
    <property name="java.library.path" value="C:\Program Files (x86)\Java\jdk1.7.0\jre\bin;C:\Windows\Sun\Java\bin;C:\Windows\system32;C:\Windows;C:\Program Files (x86)\MiKTeX\miktex\bin;C:\Program Files (x86)\AMD APP\bin\x86_64;C:\Program Files (x86)\AMD APP\bin\x86;C:\Program Files\Common Files\Microsoft Shared\Windows Live;C:\Program Files (x86)\Common Files\Microsoft Shared\Windows Live;C:\Windows\system32;C:\Windows;C:\Windows\System32\Wbem;C:\Windows\System32\WindowsPowerShell\v1.0\;C:\Program Files\ThinkPad\Bluetooth Software\;C:\Program Files\ThinkPad\Bluetooth Software\syswow64;C:\Program Files\Broadcom\WHL\;C:\Program Files\Broadcom\WHL\syswow64;C:\Program Files\Broadcom\WHL\SysWow64\;C:\Program Files\Broadcom\WHL\SysWow64\syswow64;C:\Program Files (x86)\ATI Technologies\ATI.ACE\Core-Static;C:\Program Files (x86)\Common Files\Lenovo;C:\Program Files (x86)\Windows Live\Shared;C:\SWTOOLS\ReadyApps;C:\Program Files (x86)\Intel\Services\IPT\;C:\Program Files (x86)\Lenovo\Access Connections\;C:\Program Files (x86)\Common Files\Ulead Systems\MPEG;C:\Program Files (x86)\ATI\ATI.ACE\Core-Static;C:\Program Files\MySQL\MySQL Server 5.5\bin;C:\Program Files\Intel\WiFi\bin\;C:\Program Files\Common Files\Intel\WirelessCommon\;C:\Program Files\Java\jdk1.7.0\bin;C:\Program Files\Microsoft Windows Performance Toolkit\;C:\apache\wso\wsf_c\lib;C:\apache\ant\bin;C:\apache\derby\lib;C:\apache\httpd\bin;C:\apache\libxml\bin;C:\apache\iconv\bin;C:\apache\win32build\bin;C:\Program Files\Intel\WiFi\bin\;C:\Program Files\Common Files\Intel\WirelessCommon\;C:\zmq\lib;C:\Program Files (x86)\Microsoft Visual Studio 10.0\VC\bin;C:\Program Files (x86)\CMake\bin;C:\Program Files (x86)\Microsoft Visual Studio 10.0\Common7\IDE;;."/>
    <property name="surefire.test.class.path" value="C:\eclipse_workspaces\calculator\Pipelines\build\classes;C:\Users\Joel\.m2\repository\org\ebayopensource\turmeric\runtime\binding-framework\1.0.1.0-SNAPSHOT\binding-framework-1.0.1.0-SNAPSHOT.jar;C:\Users\Joel\.m2\repository\com\sun\xml\bind\jaxb-impl\2.1.2\jaxb-impl-2.1.2.jar;C:\Users\Joel\.m2\repository\javax\xml\bind\jaxb-api\2.1\jaxb-api-2.1.jar;C:\Users\Joel\.m2\repository\javax\xml\stream\stax-api\1.0-2\stax-api-1.0-2.jar;C:\Users\Joel\.m2\repository\org\codehaus\woodstox\stax2-api\3.0.1\stax2-api-3.0.1.jar;C:\Users\Joel\.m2\repository\stax\stax-api\1.0.1\stax-api-1.0.1.jar;C:\Users\Joel\.m2\repository\org\codehaus\woodstox\woodstox-core-asl\4.0.5\woodstox-core-asl-4.0.5.jar;C:\Users\Joel\.m2\repository\com\sun\xml\fastinfoset\FastInfoset\1.2.1\FastInfoset-1.2.1.jar;C:\Users\Joel\.m2\repository\com\ebay\external\ahc\1.0\ahc-1.0.jar;C:\Users\Joel\.m2\repository\org\apache\mina\mina-core\1.1.5\mina-core-1.1.5.jar;C:\Users\Joel\.m2\repository\org\apache\mina\mina-filter-ssl\1.1.5\mina-filter-ssl-1.1.5.jar;C:\Users\Joel\.m2\repository\com\ebay\kernel\uKernelCore\1.73\uKernelCore-1.73.jar;C:\Users\Joel\.m2\repository\com\ebay\kernel\uKernel\1.75.689.2\uKernel-1.75.689.2.jar;C:\Users\Joel\.m2\repository\com\ebay\utils\socket-interceptor\1.0.3\socket-interceptor-1.0.3.jar;C:\Users\Joel\.m2\repository\commons-codec\commons-codec\1.3\commons-codec-1.3.jar;C:\Users\Joel\.m2\repository\javax\servlet\jsp-api\2.0\jsp-api-2.0.jar;C:\Users\Joel\.m2\repository\org\apache\geronimo\specs\geronimo-javamail_1.4_spec\1.2\geronimo-javamail_1.4_spec-1.2.jar;C:\Users\Joel\.m2\repository\org\apache\geronimo\specs\geronimo-activation_1.1_spec\1.0.1\geronimo-activation_1.1_spec-1.0.1.jar;C:\Users\Joel\.m2\repository\org\apache\felix\org.osgi.core\1.0.0\org.osgi.core-1.0.0.jar;C:\Users\Joel\.m2\repository\org\ebayopensource\turmeric\runtime\binding-framework\1.0.1.0-SNAPSHOT\binding-framework-1.0.1.0-SNAPSHOT-javadoc.jar;C:\Users\Joel\.m2\repository\org\ebayopensource\turmeric\runtime\soa-client\1.0.1.0-SNAPSHOT\soa-client-1.0.1.0-SNAPSHOT.jar;C:\Users\Joel\.m2\repository\org\ebayopensource\turmeric\errorlib\runtime-error-library\1.0.1.0-SNAPSHOT\runtime-error-library-1.0.1.0-SNAPSHOT.jar;C:\Users\Joel\.m2\repository\org\apache\neethi\neethi\2.0.4\neethi-2.0.4.jar;C:\Users\Joel\.m2\repository\commons-logging\commons-logging\1.1.1\commons-logging-1.1.1.jar;C:\Users\Joel\.m2\repository\org\apache\ws\commons\schema\XmlSchema\1.4.2\XmlSchema-1.4.2.jar;C:\Users\Joel\.m2\repository\backport-util-concurrent\backport-util-concurrent\3.1\backport-util-concurrent-3.1.jar;C:\Users\Joel\.m2\repository\org\slf4j\slf4j-simple\1.6.1\slf4j-simple-1.6.1.jar;C:\Users\Joel\.m2\repository\org\slf4j\slf4j-api\1.6.1\slf4j-api-1.6.1.jar;C:\Users\Joel\.m2\repository\org\apache\ws\commons\axiom\axiom-api\1.2.9-wso2v1\axiom-api-1.2.9-wso2v1.jar;C:\Users\Joel\.m2\repository\jaxen\jaxen\1.1.1\jaxen-1.1.1.jar;C:\Users\Joel\.m2\repository\xerces\xercesImpl\2.6.2\xercesImpl-2.6.2.jar;C:\Users\Joel\.m2\repository\xml-apis\xml-apis\1.3.04\xml-apis-1.3.04.jar;C:\Users\Joel\.m2\repository\org\apache\geronimo\specs\geronimo-stax-api_1.0_spec\1.0.1\geronimo-stax-api_1.0_spec-1.0.1.jar;C:\Users\Joel\.m2\repository\org\apache\ws\commons\axiom\axiom-impl\1.2.9-wso2v1\axiom-impl-1.2.9-wso2v1.jar;C:\Users\Joel\.m2\repository\org\codehaus\woodstox\wstx-asl\3.2.9\wstx-asl-3.2.9.jar;C:\Users\Joel\.m2\repository\org\apache\ws\commons\axiom\axiom-dom\1.2.9-wso2v1\axiom-dom-1.2.9-wso2v1.jar;C:\Users\Joel\.m2\repository\org\apache\axis2\axis2-kernel\1.6-wso2v2\axis2-kernel-1.6-wso2v2.jar;C:\Users\Joel\.m2\repository\org\apache\geronimo\specs\geronimo-ws-metadata_2.0_spec\1.1.2\geronimo-ws-metadata_2.0_spec-1.1.2.jar;C:\Users\Joel\.m2\repository\org\apache\geronimo\specs\geronimo-jta_1.1_spec\1.1\geronimo-jta_1.1_spec-1.1.jar;C:\Users\Joel\.m2\repository\commons-httpclient\commons-httpclient\3.1\commons-httpclient-3.1.jar;C:\Users\Joel\.m2\repository\commons-fileupload\commons-fileupload\1.2\commons-fileupload-1.2.jar;C:\Users\Joel\.m2\repository\org\apache\woden\woden-api\1.0M8\woden-api-1.0M8.jar;C:\Users\Joel\.m2\repository\org\apache\woden\woden-impl-dom\1.0M8\woden-impl-dom-1.0M8.jar;C:\Users\Joel\.m2\repository\javax\ws\rs\jsr311-api\1.0\jsr311-api-1.0.jar;C:\Users\Joel\.m2\repository\javax\mail\mail\1.4\mail-1.4.jar;C:\Users\Joel\.m2\repository\javax\activation\activation\1.1\activation-1.1.jar;C:\Users\Joel\.m2\repository\xalan\xalan\2.7.0\xalan-2.7.0.jar;C:\Users\Joel\.m2\repository\commons-io\commons-io\1.4\commons-io-1.4.jar;C:\Users\Joel\.m2\repository\org\apache\axis2\axis2-transport-http\1.6-wso2v2\axis2-transport-http-1.6-wso2v2.jar;C:\Users\Joel\.m2\repository\org\apache\httpcomponents\httpcore\4.0\httpcore-4.0.jar;C:\Users\Joel\.m2\repository\wsdl4j\wsdl4j\1.6.2\wsdl4j-1.6.2.jar;C:\Users\Joel\.m2\repository\com\sun\xml\bind\jaxb-xjc\2.1.2\jaxb-xjc-2.1.2.jar;C:\Users\Joel\.m2\repository\org\ebayopensource\turmeric\runtime\soa-client\1.0.1.0-SNAPSHOT\soa-client-1.0.1.0-SNAPSHOT-javadoc.jar;C:\Users\Joel\.m2\repository\org\ebayopensource\turmeric\runtime\soa-server\1.0.1.0-SNAPSHOT\soa-server-1.0.1.0-SNAPSHOT-javadoc.jar;C:\Users\Joel\.m2\repository\javax\servlet\servlet-api\2.4\servlet-api-2.4.jar;C:\Users\Joel\.m2\repository\org\ebayopensource\turmeric\runtime\soa-server\1.0.1.0-SNAPSHOT\soa-server-1.0.1.0-SNAPSHOT.jar;C:\Users\Joel\.m2\repository\org\ebayopensource\turmeric\codegen\codegen-tools\1.0.1.0-SNAPSHOT\codegen-tools-1.0.1.0-SNAPSHOT.jar;C:\Users\Joel\.m2\repository\org\ebayopensource\turmeric\typelib\common-type-library\1.0.1.0-SNAPSHOT\common-type-library-1.0.1.0-SNAPSHOT.jar;C:\Users\Joel\.m2\repository\org\apache\axis2\axis2-java2wsdl\1.6-wso2v4\axis2-java2wsdl-1.6-wso2v4.jar;C:\Users\Joel\.m2\repository\org\apache\axis2\axis2-transport-local\1.6-wso2v4\axis2-transport-local-1.6-wso2v4.jar;C:\Users\Joel\.m2\repository\org\apache\ant\ant\1.7.0\ant-1.7.0.jar;C:\Users\Joel\.m2\repository\org\apache\ant\ant-launcher\1.7.0\ant-launcher-1.7.0.jar;C:\Users\Joel\.m2\repository\org\apache\axis2\axis2-codegen\1.6-wso2v4\axis2-codegen-1.6-wso2v4.jar;C:\Users\Joel\.m2\repository\org\apache\axis2\axis2-jaxbri\1.6-wso2v4\axis2-jaxbri-1.6-wso2v4.jar;C:\Users\Joel\.m2\repository\org\apache\axis2\axis2-adb\1.6-wso2v4\axis2-adb-1.6-wso2v4.jar;C:\Users\Joel\.m2\repository\com\thoughtworks\qdox\qdox\1.12\qdox-1.12.jar;C:\Users\Joel\.m2\repository\org\apache\commons\commons-io\1.3.2\commons-io-1.3.2.jar;C:\Users\Joel\.m2\repository\com\google\protobuf\protobuf-java\2.4.0a\protobuf-java-2.4.0a.jar;C:\Program Files (x86)\Java\jdk1.7.0\jre\..\lib\tools.jar;C:\Users\Joel\.m2\repository\org\ebayopensource\turmeric\codegen\codegen-tools\1.0.1.0-SNAPSHOT\codegen-tools-1.0.1.0-SNAPSHOT-javadoc.jar;C:\Users\Joel\.m2\repository\org\ebayopensource\turmeric\maven\turmeric-maven-plugin\1.0.1.0-SNAPSHOT\turmeric-maven-plugin-1.0.1.0-SNAPSHOT.jar;C:\Users\Joel\.m2\repository\org\apache\maven\maven-artifact\2.0.10\maven-artifact-2.0.10.jar;C:\Users\Joel\.m2\repository\org\apache\maven\maven-project\2.0.10\maven-project-2.0.10.jar;C:\Users\Joel\.m2\repository\org\apache\maven\maven-settings\2.0.10\maven-settings-2.0.10.jar;C:\Users\Joel\.m2\repository\org\apache\maven\maven-profile\2.0.10\maven-profile-2.0.10.jar;C:\Users\Joel\.m2\repository\org\apache\maven\maven-artifact-manager\2.0.10\maven-artifact-manager-2.0.10.jar;C:\Users\Joel\.m2\repository\org\apache\maven\maven-repository-metadata\2.0.10\maven-repository-metadata-2.0.10.jar;C:\Users\Joel\.m2\repository\org\apache\maven\wagon\wagon-provider-api\1.0-beta-2\wagon-provider-api-1.0-beta-2.jar;C:\Users\Joel\.m2\repository\org\apache\maven\maven-plugin-registry\2.0.10\maven-plugin-registry-2.0.10.jar;C:\Users\Joel\.m2\repository\org\codehaus\plexus\plexus-interpolation\1.1\plexus-interpolation-1.1.jar;C:\Users\Joel\.m2\repository\org\codehaus\plexus\plexus-container-default\1.0-alpha-9-stable-1\plexus-container-default-1.0-alpha-9-stable-1.jar;C:\Users\Joel\.m2\repository\classworlds\classworlds\1.1-alpha-2\classworlds-1.1-alpha-2.jar;C:\Users\Joel\.m2\repository\org\apache\maven\maven-model\2.0.10\maven-model-2.0.10.jar;C:\Users\Joel\.m2\repository\org\codehaus\plexus\plexus-utils\1.5.5\plexus-utils-1.5.5.jar;C:\Users\Joel\.m2\repository\jdom\jdom\1.0\jdom-1.0.jar;C:\Users\Joel\.m2\repository\org\apache\maven\maven-plugin-api\2.2.1\maven-plugin-api-2.2.1.jar;C:\Users\Joel\.m2\repository\org\codehaus\plexus\plexus-resources\1.0-alpha-7\plexus-resources-1.0-alpha-7.jar;C:\Users\Joel\.m2\repository\org\hamcrest\hamcrest-library\1.1\hamcrest-library-1.1.jar;C:\Users\Joel\.m2\repository\org\hamcrest\hamcrest-core\1.1\hamcrest-core-1.1.jar;C:\Users\Joel\.m2\repository\org\ebayopensource\turmeric\maven\turmeric-maven-plugin\1.0.1.0-SNAPSHOT\turmeric-maven-plugin-1.0.1.0-SNAPSHOT-javadoc.jar;C:\Users\Joel\.m2\repository\org\ebayopensource\turmeric\client\ExampleEchoServiceConsumer\1.0.1.0-SNAPSHOT\ExampleEchoServiceConsumer-1.0.1.0-SNAPSHOT.jar;C:\Users\Joel\.m2\repository\org\ebayopensource\turmeric\intf\ExampleEchoServiceV1\1.0.1.0-SNAPSHOT\ExampleEchoServiceV1-1.0.1.0-SNAPSHOT.jar;C:\Users\Joel\.m2\repository\junit\junit\4.4\junit-4.4.jar;C:\Users\Joel\.m2\repository\commons-dbutils\commons-dbutils\1.4\commons-dbutils-1.4.jar;C:\Users\Joel\.m2\repository\mysql\mysql-connector-java\5.1.18\mysql-connector-java-5.1.18.jar;C:\Users\Joel\.m2\repository\org\apache\commons\commons-math\2.2\commons-math-2.2.jar;C:\Users\Joel\.m2\repository\org\apache\derby\derby\10.8.2.2\derby-10.8.2.2.jar;C:\Users\Joel\.m2\repository\org\apache\derby\derbyclient\10.8.2.2\derbyclient-10.8.2.2.jar;C:\Users\Joel\.m2\repository\org\apache\derby\derbynet\10.8.2.2\derbynet-10.8.2.2.jar;"/>
    <property name="java.specification.name" value="Java Platform API Specification"/>
    <property name="java.class.version" value="51.0"/>
    <property name="sun.management.compiler" value="HotSpot Client Compiler"/>
    <property name="os.version" value="6.1"/>
    <property name="user.home" value="C:\Users\Joel"/>
    <property name="user.timezone" value=""/>
    <property name="java.awt.printerjob" value="sun.awt.windows.WPrinterJob"/>
    <property name="java.specification.version" value="1.7"/>
    <property name="file.encoding" value="Cp1252"/>
    <property name="user.name" value="Joel"/>
    <property name="java.class.path" value="C:\eclipse_workspaces\calculator\Pipelines\build\classes;C:\Users\Joel\.m2\repository\org\ebayopensource\turmeric\runtime\binding-framework\1.0.1.0-SNAPSHOT\binding-framework-1.0.1.0-SNAPSHOT.jar;C:\Users\Joel\.m2\repository\com\sun\xml\bind\jaxb-impl\2.1.2\jaxb-impl-2.1.2.jar;C:\Users\Joel\.m2\repository\javax\xml\bind\jaxb-api\2.1\jaxb-api-2.1.jar;C:\Users\Joel\.m2\repository\javax\xml\stream\stax-api\1.0-2\stax-api-1.0-2.jar;C:\Users\Joel\.m2\repository\org\codehaus\woodstox\stax2-api\3.0.1\stax2-api-3.0.1.jar;C:\Users\Joel\.m2\repository\stax\stax-api\1.0.1\stax-api-1.0.1.jar;C:\Users\Joel\.m2\repository\org\codehaus\woodstox\woodstox-core-asl\4.0.5\woodstox-core-asl-4.0.5.jar;C:\Users\Joel\.m2\repository\com\sun\xml\fastinfoset\FastInfoset\1.2.1\FastInfoset-1.2.1.jar;C:\Users\Joel\.m2\repository\com\ebay\external\ahc\1.0\ahc-1.0.jar;C:\Users\Joel\.m2\repository\org\apache\mina\mina-core\1.1.5\mina-core-1.1.5.jar;C:\Users\Joel\.m2\repository\org\apache\mina\mina-filter-ssl\1.1.5\mina-filter-ssl-1.1.5.jar;C:\Users\Joel\.m2\repository\com\ebay\kernel\uKernelCore\1.73\uKernelCore-1.73.jar;C:\Users\Joel\.m2\repository\com\ebay\kernel\uKernel\1.75.689.2\uKernel-1.75.689.2.jar;C:\Users\Joel\.m2\repository\com\ebay\utils\socket-interceptor\1.0.3\socket-interceptor-1.0.3.jar;C:\Users\Joel\.m2\repository\commons-codec\commons-codec\1.3\commons-codec-1.3.jar;C:\Users\Joel\.m2\repository\javax\servlet\jsp-api\2.0\jsp-api-2.0.jar;C:\Users\Joel\.m2\repository\org\apache\geronimo\specs\geronimo-javamail_1.4_spec\1.2\geronimo-javamail_1.4_spec-1.2.jar;C:\Users\Joel\.m2\repository\org\apache\geronimo\specs\geronimo-activation_1.1_spec\1.0.1\geronimo-activation_1.1_spec-1.0.1.jar;C:\Users\Joel\.m2\repository\org\apache\felix\org.osgi.core\1.0.0\org.osgi.core-1.0.0.jar;C:\Users\Joel\.m2\repository\org\ebayopensource\turmeric\runtime\binding-framework\1.0.1.0-SNAPSHOT\binding-framework-1.0.1.0-SNAPSHOT-javadoc.jar;C:\Users\Joel\.m2\repository\org\ebayopensource\turmeric\runtime\soa-client\1.0.1.0-SNAPSHOT\soa-client-1.0.1.0-SNAPSHOT.jar;C:\Users\Joel\.m2\repository\org\ebayopensource\turmeric\errorlib\runtime-error-library\1.0.1.0-SNAPSHOT\runtime-error-library-1.0.1.0-SNAPSHOT.jar;C:\Users\Joel\.m2\repository\org\apache\neethi\neethi\2.0.4\neethi-2.0.4.jar;C:\Users\Joel\.m2\repository\commons-logging\commons-logging\1.1.1\commons-logging-1.1.1.jar;C:\Users\Joel\.m2\repository\org\apache\ws\commons\schema\XmlSchema\1.4.2\XmlSchema-1.4.2.jar;C:\Users\Joel\.m2\repository\backport-util-concurrent\backport-util-concurrent\3.1\backport-util-concurrent-3.1.jar;C:\Users\Joel\.m2\repository\org\slf4j\slf4j-simple\1.6.1\slf4j-simple-1.6.1.jar;C:\Users\Joel\.m2\repository\org\slf4j\slf4j-api\1.6.1\slf4j-api-1.6.1.jar;C:\Users\Joel\.m2\repository\org\apache\ws\commons\axiom\axiom-api\1.2.9-wso2v1\axiom-api-1.2.9-wso2v1.jar;C:\Users\Joel\.m2\repository\jaxen\jaxen\1.1.1\jaxen-1.1.1.jar;C:\Users\Joel\.m2\repository\xerces\xercesImpl\2.6.2\xercesImpl-2.6.2.jar;C:\Users\Joel\.m2\repository\xml-apis\xml-apis\1.3.04\xml-apis-1.3.04.jar;C:\Users\Joel\.m2\repository\org\apache\geronimo\specs\geronimo-stax-api_1.0_spec\1.0.1\geronimo-stax-api_1.0_spec-1.0.1.jar;C:\Users\Joel\.m2\repository\org\apache\ws\commons\axiom\axiom-impl\1.2.9-wso2v1\axiom-impl-1.2.9-wso2v1.jar;C:\Users\Joel\.m2\repository\org\codehaus\woodstox\wstx-asl\3.2.9\wstx-asl-3.2.9.jar;C:\Users\Joel\.m2\repository\org\apache\ws\commons\axiom\axiom-dom\1.2.9-wso2v1\axiom-dom-1.2.9-wso2v1.jar;C:\Users\Joel\.m2\repository\org\apache\axis2\axis2-kernel\1.6-wso2v2\axis2-kernel-1.6-wso2v2.jar;C:\Users\Joel\.m2\repository\org\apache\geronimo\specs\geronimo-ws-metadata_2.0_spec\1.1.2\geronimo-ws-metadata_2.0_spec-1.1.2.jar;C:\Users\Joel\.m2\repository\org\apache\geronimo\specs\geronimo-jta_1.1_spec\1.1\geronimo-jta_1.1_spec-1.1.jar;C:\Users\Joel\.m2\repository\commons-httpclient\commons-httpclient\3.1\commons-httpclient-3.1.jar;C:\Users\Joel\.m2\repository\commons-fileupload\commons-fileupload\1.2\commons-fileupload-1.2.jar;C:\Users\Joel\.m2\repository\org\apache\woden\woden-api\1.0M8\woden-api-1.0M8.jar;C:\Users\Joel\.m2\repository\org\apache\woden\woden-impl-dom\1.0M8\woden-impl-dom-1.0M8.jar;C:\Users\Joel\.m2\repository\javax\ws\rs\jsr311-api\1.0\jsr311-api-1.0.jar;C:\Users\Joel\.m2\repository\javax\mail\mail\1.4\mail-1.4.jar;C:\Users\Joel\.m2\repository\javax\activation\activation\1.1\activation-1.1.jar;C:\Users\Joel\.m2\repository\xalan\xalan\2.7.0\xalan-2.7.0.jar;C:\Users\Joel\.m2\repository\commons-io\commons-io\1.4\commons-io-1.4.jar;C:\Users\Joel\.m2\repository\org\apache\axis2\axis2-transport-http\1.6-wso2v2\axis2-transport-http-1.6-wso2v2.jar;C:\Users\Joel\.m2\repository\org\apache\httpcomponents\httpcore\4.0\httpcore-4.0.jar;C:\Users\Joel\.m2\repository\wsdl4j\wsdl4j\1.6.2\wsdl4j-1.6.2.jar;C:\Users\Joel\.m2\repository\com\sun\xml\bind\jaxb-xjc\2.1.2\jaxb-xjc-2.1.2.jar;C:\Users\Joel\.m2\repository\org\ebayopensource\turmeric\runtime\soa-client\1.0.1.0-SNAPSHOT\soa-client-1.0.1.0-SNAPSHOT-javadoc.jar;C:\Users\Joel\.m2\repository\org\ebayopensource\turmeric\runtime\soa-server\1.0.1.0-SNAPSHOT\soa-server-1.0.1.0-SNAPSHOT-javadoc.jar;C:\Users\Joel\.m2\repository\javax\servlet\servlet-api\2.4\servlet-api-2.4.jar;C:\Users\Joel\.m2\repository\org\ebayopensource\turmeric\runtime\soa-server\1.0.1.0-SNAPSHOT\soa-server-1.0.1.0-SNAPSHOT.jar;C:\Users\Joel\.m2\repository\org\ebayopensource\turmeric\codegen\codegen-tools\1.0.1.0-SNAPSHOT\codegen-tools-1.0.1.0-SNAPSHOT.jar;C:\Users\Joel\.m2\repository\org\ebayopensource\turmeric\typelib\common-type-library\1.0.1.0-SNAPSHOT\common-type-library-1.0.1.0-SNAPSHOT.jar;C:\Users\Joel\.m2\repository\org\apache\axis2\axis2-java2wsdl\1.6-wso2v4\axis2-java2wsdl-1.6-wso2v4.jar;C:\Users\Joel\.m2\repository\org\apache\axis2\axis2-transport-local\1.6-wso2v4\axis2-transport-local-1.6-wso2v4.jar;C:\Users\Joel\.m2\repository\org\apache\ant\ant\1.7.0\ant-1.7.0.jar;C:\Users\Joel\.m2\repository\org\apache\ant\ant-launcher\1.7.0\ant-launcher-1.7.0.jar;C:\Users\Joel\.m2\repository\org\apache\axis2\axis2-codegen\1.6-wso2v4\axis2-codegen-1.6-wso2v4.jar;C:\Users\Joel\.m2\repository\org\apache\axis2\axis2-jaxbri\1.6-wso2v4\axis2-jaxbri-1.6-wso2v4.jar;C:\Users\Joel\.m2\repository\org\apache\axis2\axis2-adb\1.6-wso2v4\axis2-adb-1.6-wso2v4.jar;C:\Users\Joel\.m2\repository\com\thoughtworks\qdox\qdox\1.12\qdox-1.12.jar;C:\Users\Joel\.m2\repository\org\apache\commons\commons-io\1.3.2\commons-io-1.3.2.jar;C:\Users\Joel\.m2\repository\com\google\protobuf\protobuf-java\2.4.0a\protobuf-java-2.4.0a.jar;C:\Program Files (x86)\Java\jdk1.7.0\jre\..\lib\tools.jar;C:\Users\Joel\.m2\repository\org\ebayopensource\turmeric\codegen\codegen-tools\1.0.1.0-SNAPSHOT\codegen-tools-1.0.1.0-SNAPSHOT-javadoc.jar;C:\Users\Joel\.m2\repository\org\ebayopensource\turmeric\maven\turmeric-maven-plugin\1.0.1.0-SNAPSHOT\turmeric-maven-plugin-1.0.1.0-SNAPSHOT.jar;C:\Users\Joel\.m2\repository\org\apache\maven\maven-artifact\2.0.10\maven-artifact-2.0.10.jar;C:\Users\Joel\.m2\repository\org\apache\maven\maven-project\2.0.10\maven-project-2.0.10.jar;C:\Users\Joel\.m2\repository\org\apache\maven\maven-settings\2.0.10\maven-settings-2.0.10.jar;C:\Users\Joel\.m2\repository\org\apache\maven\maven-profile\2.0.10\maven-profile-2.0.10.jar;C:\Users\Joel\.m2\repository\org\apache\maven\maven-artifact-manager\2.0.10\maven-artifact-manager-2.0.10.jar;C:\Users\Joel\.m2\repository\org\apache\maven\maven-repository-metadata\2.0.10\maven-repository-metadata-2.0.10.jar;C:\Users\Joel\.m2\repository\org\apache\maven\wagon\wagon-provider-api\1.0-beta-2\wagon-provider-api-1.0-beta-2.jar;C:\Users\Joel\.m2\repository\org\apache\maven\maven-plugin-registry\2.0.10\maven-plugin-registry-2.0.10.jar;C:\Users\Joel\.m2\repository\org\codehaus\plexus\plexus-interpolation\1.1\plexus-interpolation-1.1.jar;C:\Users\Joel\.m2\repository\org\codehaus\plexus\plexus-container-default\1.0-alpha-9-stable-1\plexus-container-default-1.0-alpha-9-stable-1.jar;C:\Users\Joel\.m2\repository\classworlds\classworlds\1.1-alpha-2\classworlds-1.1-alpha-2.jar;C:\Users\Joel\.m2\repository\org\apache\maven\maven-model\2.0.10\maven-model-2.0.10.jar;C:\Users\Joel\.m2\repository\org\codehaus\plexus\plexus-utils\1.5.5\plexus-utils-1.5.5.jar;C:\Users\Joel\.m2\repository\jdom\jdom\1.0\jdom-1.0.jar;C:\Users\Joel\.m2\repository\org\apache\maven\maven-plugin-api\2.2.1\maven-plugin-api-2.2.1.jar;C:\Users\Joel\.m2\repository\org\codehaus\plexus\plexus-resources\1.0-alpha-7\plexus-resources-1.0-alpha-7.jar;C:\Users\Joel\.m2\repository\org\hamcrest\hamcrest-library\1.1\hamcrest-library-1.1.jar;C:\Users\Joel\.m2\repository\org\hamcrest\hamcrest-core\1.1\hamcrest-core-1.1.jar;C:\Users\Joel\.m2\repository\org\ebayopensource\turmeric\maven\turmeric-maven-plugin\1.0.1.0-SNAPSHOT\turmeric-maven-plugin-1.0.1.0-SNAPSHOT-javadoc.jar;C:\Users\Joel\.m2\repository\org\ebayopensource\turmeric\client\ExampleEchoServiceConsumer\1.0.1.0-SNAPSHOT\ExampleEchoServiceConsumer-1.0.1.0-SNAPSHOT.jar;C:\Users\Joel\.m2\repository\org\ebayopensource\turmeric\intf\ExampleEchoServiceV1\1.0.1.0-SNAPSHOT\ExampleEchoServiceV1-1.0.1.0-SNAPSHOT.jar;C:\Users\Joel\.m2\repository\junit\junit\4.4\junit-4.4.jar;C:\Users\Joel\.m2\repository\commons-dbutils\commons-dbutils\1.4\commons-dbutils-1.4.jar;C:\Users\Joel\.m2\repository\mysql\mysql-connector-java\5.1.18\mysql-connector-java-5.1.18.jar;C:\Users\Joel\.m2\repository\org\apache\commons\commons-math\2.2\commons-math-2.2.jar;C:\Users\Joel\.m2\repository\org\apache\derby\derby\10.8.2.2\derby-10.8.2.2.jar;C:\Users\Joel\.m2\repository\org\apache\derby\derbyclient\10.8.2.2\derbyclient-10.8.2.2.jar;C:\Users\Joel\.m2\repository\org\apache\derby\derbynet\10.8.2.2\derbynet-10.8.2.2.jar;"/>
    <property name="java.vm.specification.version" value="1.7"/>
    <property name="sun.arch.data.model" value="32"/>
    <property name="java.home" value="C:\Program Files (x86)\Java\jdk1.7.0\jre"/>
    <property name="sun.java.command" value="C:\eclipse_workspaces\calculator\Pipelines\target\surefire\surefirebooter1996571718865382927.jar C:\eclipse_workspaces\calculator\Pipelines\target\surefire\surefire869644644674585842tmp C:\eclipse_workspaces\calculator\Pipelines\target\surefire\surefire780426266702905437tmp"/>
    <property name="java.specification.vendor" value="Oracle Corporation"/>
    <property name="user.language" value="nl"/>
    <property name="awt.toolkit" value="sun.awt.windows.WToolkit"/>
    <property name="java.vm.info" value="mixed mode, sharing"/>
    <property name="java.version" value="1.7.0"/>
    <property name="java.ext.dirs" value="C:\Program Files (x86)\Java\jdk1.7.0\jre\lib\ext;C:\Windows\Sun\Java\lib\ext"/>
    <property name="sun.boot.class.path" value="C:\Program Files (x86)\Java\jdk1.7.0\jre\lib\resources.jar;C:\Program Files (x86)\Java\jdk1.7.0\jre\lib\rt.jar;C:\Program Files (x86)\Java\jdk1.7.0\jre\lib\sunrsasign.jar;C:\Program Files (x86)\Java\jdk1.7.0\jre\lib\jsse.jar;C:\Program Files (x86)\Java\jdk1.7.0\jre\lib\jce.jar;C:\Program Files (x86)\Java\jdk1.7.0\jre\lib\charsets.jar;C:\Program Files (x86)\Java\jdk1.7.0\jre\classes"/>
    <property name="java.vendor" value="Oracle Corporation"/>
    <property name="localRepository" value="C:\Users\Joel\.m2\repository"/>
    <property name="file.separator" value="\"/>
    <property name="java.vendor.url.bug" value="http://bugreport.sun.com/bugreport/"/>
    <property name="sun.cpu.endian" value="little"/>
    <property name="sun.io.unicode.encoding" value="UnicodeLittle"/>
    <property name="sun.desktop" value="windows"/>
    <property name="sun.cpu.isalist" value="pentium_pro+mmx pentium_pro pentium+mmx pentium i486 i386 i86"/>
  </properties>
  <testcase time="0.003" classname="dev.log.trace.test.TestComponentVector" name="testCopy"/>
  <testcase time="0" classname="dev.log.trace.test.TestComponentVector" name="testEquals"/>
</testsuite>